app/build/intermediates/manifest_merge_blame_file/debug/manifest-merger-blame-debug-report.txt
1<?xml version="1.0" encoding="utf-8"?>
2<manifest xmlns:android="http://schemas.android.com/apk/res/android"
3    package="com.example.patternlocksystem"
4    android:versionCode="1"
5    android:versionName="1.0" >
6
7    <uses-sdk
8        android:minSdkVersion="21"
8-->src/main/AndroidManifest.xml
9        android:targetSdkVersion="31" />
9-->src/main/AndroidManifest.xml
10
11    <uses-permission android:name="android.permission.INTERNET" />
11-->src/main/AndroidManifest.xml:5:5-67
11-->src/main/AndroidManifest.xml:5:22-64
12
13    <application
13-->src/main/AndroidManifest.xml:7:5-42:19
14        android:allowBackup="true"
14-->src/main/AndroidManifest.xml:8:9-35
15        android:appComponentFactory="androidx.core.app.CoreComponentFactory"
15-->[androidx.core:core:1.7.0] AndroidManifest.xml:24:18-86
16        android:debuggable="true"
17        android:icon="@mipmap/ic_launcher"
17-->src/main/AndroidManifest.xml:9:9-43
18        android:label="@string/app_name"
18-->src/main/AndroidManifest.xml:10:9-41
19        android:roundIcon="@mipmap/ic_launcher_round"
19-->src/main/AndroidManifest.xml:11:9-54
20        android:supportsRtl="true"
20-->src/main/AndroidManifest.xml:12:9-35
21        android:testOnly="true"
22        android:theme="@style/Theme.PatternLockSystem" >
22-->src/main/AndroidManifest.xml:13:9-55
23        <activity
23-->src/main/AndroidManifest.xml:14:9-16:40
24            android:name="com.example.patternlocksystem.SetNewActivity"
24-->src/main/AndroidManifest.xml:15:13-43
25            android:exported="false" />
25-->src/main/AndroidManifest.xml:16:13-37
26        <activity
26-->src/main/AndroidManifest.xml:17:9-19:39
27            android:name="com.example.patternlocksystem.VerificationSucessfullActivity"
27-->src/main/AndroidManifest.xml:18:13-59
28            android:exported="true" />
28-->src/main/AndroidManifest.xml:19:13-36
29        <activity
29-->src/main/AndroidManifest.xml:20:9-22:39
30            android:name="com.example.patternlocksystem.ForgetActivity"
30-->src/main/AndroidManifest.xml:21:13-43
31            android:exported="true" />
31-->src/main/AndroidManifest.xml:22:13-36
32        <activity
32-->src/main/AndroidManifest.xml:23:9-25:39
33            android:name="com.example.patternlocksystem.PatternVerificationActivity"
33-->src/main/AndroidManifest.xml:24:13-56
34            android:exported="true" />
34-->src/main/AndroidManifest.xml:25:13-36
35        <activity
35-->src/main/AndroidManifest.xml:26:9-28:39
36            android:name="com.example.patternlocksystem.SetPattern"
36-->src/main/AndroidManifest.xml:27:13-39
37            android:exported="true" />
37-->src/main/AndroidManifest.xml:28:13-36
38        <activity
38-->src/main/AndroidManifest.xml:29:9-32:39
39            android:name="com.example.patternlocksystem.RegistrationActivity"
39-->src/main/AndroidManifest.xml:30:13-49
40            android:exported="true"
40-->src/main/AndroidManifest.xml:32:13-36
41            android:noHistory="true" />
41-->src/main/AndroidManifest.xml:31:13-37
42        <activity
42-->src/main/AndroidManifest.xml:33:9-41:20
43            android:name="com.example.patternlocksystem.SelectOptionActivity"
43-->src/main/AndroidManifest.xml:34:13-49
44            android:exported="true" >
44-->src/main/AndroidManifest.xml:35:13-36
45            <intent-filter>
45-->src/main/AndroidManifest.xml:36:13-40:29
46                <action android:name="android.intent.action.MAIN" />
46-->src/main/AndroidManifest.xml:37:17-69
46-->src/main/AndroidManifest.xml:37:25-66
47
48                <category android:name="android.intent.category.LAUNCHER" />
48-->src/main/AndroidManifest.xml:39:17-77
48-->src/main/AndroidManifest.xml:39:27-74
49            </intent-filter>
50        </activity>
51
52        <provider
52-->[androidx.emoji2:emoji2:1.0.0] AndroidManifest.xml:26:9-34:20
53            android:name="androidx.startup.InitializationProvider"
53-->[androidx.emoji2:emoji2:1.0.0] AndroidManifest.xml:27:13-67
54            android:authorities="com.example.patternlocksystem.androidx-startup"
54-->[androidx.emoji2:emoji2:1.0.0] AndroidManifest.xml:28:13-68
55            android:exported="false" >
55-->[androidx.emoji2:emoji2:1.0.0] AndroidManifest.xml:29:13-37
56            <meta-data
56-->[androidx.emoji2:emoji2:1.0.0] AndroidManifest.xml:31:13-33:52
57                android:name="androidx.emoji2.text.EmojiCompatInitializer"
57-->[androidx.emoji2:emoji2:1.0.0] AndroidManifest.xml:32:17-75
58                android:value="androidx.startup" />
58-->[androidx.emoji2:emoji2:1.0.0] AndroidManifest.xml:33:17-49
59            <meta-data
59-->[androidx.lifecycle:lifecycle-process:2.4.0] AndroidManifest.xml:31:13-33:52
60                android:name="androidx.lifecycle.ProcessLifecycleInitializer"
60-->[androidx.lifecycle:lifecycle-process:2.4.0] AndroidManifest.xml:32:17-78
61                android:value="androidx.startup" />
61-->[androidx.lifecycle:lifecycle-process:2.4.0] AndroidManifest.xml:33:17-49
62        </provider>
63    </application>
64
65</manifest>